/usr/bin/ps: /comm/swstack/core/anaconda3/2021.05/lib/libuuid.so.1: no version information available (required by /lib64/libblkid.so.1)
/home/lucajn/.bashrc: line 24: bind: warning: line editing not enabled
/home/lucajn/.bashrc: line 25: bind: warning: line editing not enabled
2025-02-05 10:19:43.901153: I tensorflow/core/platform/cpu_feature_guard.cc:193] This TensorFlow binary is optimized with oneAPI Deep Neural Network Library (oneDNN) to use the following CPU instructions in performance-critical operations:  AVX2 AVX512F AVX512_VNNI FMA
To enable them in other operations, rebuild TensorFlow with the appropriate compiler flags.
2025-02-05 10:19:45.190725: I tensorflow/core/util/util.cc:169] oneDNN custom operations are on. You may see slightly different numerical results due to floating-point round-off errors from different computation orders. To turn them off, set the environment variable `TF_ENABLE_ONEDNN_OPTS=0`.
2025-02-05 10:19:45.335923: W tensorflow/stream_executor/platform/default/dso_loader.cc:64] Could not load dynamic library 'libcudart.so.11.0'; dlerror: libcudart.so.11.0: cannot open shared object file: No such file or directory; LD_LIBRARY_PATH: /comm/swstack/core/gcc/14.2.0/lib:/comm/swstack/core/gcc/14.2.0/lib64:/comm/swstack/core/cuda/12.0.0/lib64:/comm/swstack/core/anaconda3/2021.05/lib
2025-02-05 10:19:45.335999: I tensorflow/stream_executor/cuda/cudart_stub.cc:29] Ignore above cudart dlerror if you do not have a GPU set up on your machine.
2025-02-05 10:19:45.452331: E tensorflow/stream_executor/cuda/cuda_blas.cc:2981] Unable to register cuBLAS factory: Attempting to register factory for plugin cuBLAS when one has already been registered
2025-02-05 10:19:48.176410: W tensorflow/stream_executor/platform/default/dso_loader.cc:64] Could not load dynamic library 'libnvinfer.so.7'; dlerror: libnvinfer.so.7: cannot open shared object file: No such file or directory; LD_LIBRARY_PATH: /comm/swstack/core/gcc/14.2.0/lib:/comm/swstack/core/gcc/14.2.0/lib64:/comm/swstack/core/cuda/12.0.0/lib64:/comm/swstack/core/anaconda3/2021.05/lib
2025-02-05 10:19:48.178757: W tensorflow/stream_executor/platform/default/dso_loader.cc:64] Could not load dynamic library 'libnvinfer_plugin.so.7'; dlerror: libnvinfer_plugin.so.7: cannot open shared object file: No such file or directory; LD_LIBRARY_PATH: /comm/swstack/core/gcc/14.2.0/lib:/comm/swstack/core/gcc/14.2.0/lib64:/comm/swstack/core/cuda/12.0.0/lib64:/comm/swstack/core/anaconda3/2021.05/lib
2025-02-05 10:19:48.178824: W tensorflow/compiler/tf2tensorrt/utils/py_utils.cc:38] TF-TRT Warning: Cannot dlopen some TensorRT libraries. If you would like to use Nvidia GPU with TensorRT, please make sure the missing libraries mentioned above are installed properly.
2025-02-05 10:19:55.697914: W tensorflow/stream_executor/platform/default/dso_loader.cc:64] Could not load dynamic library 'libcudart.so.11.0'; dlerror: libcudart.so.11.0: cannot open shared object file: No such file or directory; LD_LIBRARY_PATH: /comm/swstack/core/gcc/14.2.0/lib:/comm/swstack/core/gcc/14.2.0/lib64:/comm/swstack/core/cuda/12.0.0/lib64:/comm/swstack/core/anaconda3/2021.05/lib
2025-02-05 10:19:55.700381: W tensorflow/stream_executor/platform/default/dso_loader.cc:64] Could not load dynamic library 'libcublas.so.11'; dlerror: libcublas.so.11: cannot open shared object file: No such file or directory; LD_LIBRARY_PATH: /comm/swstack/core/gcc/14.2.0/lib:/comm/swstack/core/gcc/14.2.0/lib64:/comm/swstack/core/cuda/12.0.0/lib64:/comm/swstack/core/anaconda3/2021.05/lib
2025-02-05 10:19:55.702608: W tensorflow/stream_executor/platform/default/dso_loader.cc:64] Could not load dynamic library 'libcublasLt.so.11'; dlerror: libcublasLt.so.11: cannot open shared object file: No such file or directory; LD_LIBRARY_PATH: /comm/swstack/core/gcc/14.2.0/lib:/comm/swstack/core/gcc/14.2.0/lib64:/comm/swstack/core/cuda/12.0.0/lib64:/comm/swstack/core/anaconda3/2021.05/lib
2025-02-05 10:19:55.705021: W tensorflow/stream_executor/platform/default/dso_loader.cc:64] Could not load dynamic library 'libcufft.so.10'; dlerror: libcufft.so.10: cannot open shared object file: No such file or directory; LD_LIBRARY_PATH: /comm/swstack/core/gcc/14.2.0/lib:/comm/swstack/core/gcc/14.2.0/lib64:/comm/swstack/core/cuda/12.0.0/lib64:/comm/swstack/core/anaconda3/2021.05/lib
2025-02-05 10:19:57.879108: W tensorflow/stream_executor/platform/default/dso_loader.cc:64] Could not load dynamic library 'libcusparse.so.11'; dlerror: libcusparse.so.11: cannot open shared object file: No such file or directory; LD_LIBRARY_PATH: /comm/swstack/core/gcc/14.2.0/lib:/comm/swstack/core/gcc/14.2.0/lib64:/comm/swstack/core/cuda/12.0.0/lib64:/comm/swstack/core/anaconda3/2021.05/lib
2025-02-05 10:19:57.881677: W tensorflow/stream_executor/platform/default/dso_loader.cc:64] Could not load dynamic library 'libcudnn.so.8'; dlerror: libcudnn.so.8: cannot open shared object file: No such file or directory; LD_LIBRARY_PATH: /comm/swstack/core/gcc/14.2.0/lib:/comm/swstack/core/gcc/14.2.0/lib64:/comm/swstack/core/cuda/12.0.0/lib64:/comm/swstack/core/anaconda3/2021.05/lib
2025-02-05 10:19:57.882507: W tensorflow/core/common_runtime/gpu/gpu_device.cc:1934] Cannot dlopen some GPU libraries. Please make sure the missing libraries mentioned above are installed properly if you would like to use GPU. Follow the guide at https://www.tensorflow.org/install/gpu for how to download and setup the required libraries for your platform.
Skipping registering GPU devices...
2025-02-05 10:19:57.888540: I tensorflow/core/platform/cpu_feature_guard.cc:193] This TensorFlow binary is optimized with oneAPI Deep Neural Network Library (oneDNN) to use the following CPU instructions in performance-critical operations:  AVX2 AVX512F AVX512_VNNI FMA
To enable them in other operations, rebuild TensorFlow with the appropriate compiler flags.
